#At time x process y state arr w total z remain y wait k 
At time 2 process 1 started arr 2 total 5 remain 5 wait 0 
At time 4 process 1 stopped arr 2 total 5 remain 3 wait 0 
At time 4 process 1 continued arr 2 total 5 remain 3 wait 0 
At time 6 process 1 stopped arr 2 total 5 remain 1 wait 0 
At time 6 process 2 started arr 4 total 10 remain 10 wait 2 
At time 8 process 2 stopped arr 4 total 10 remain 8 wait 2 
At time 8 process 2 continued arr 4 total 10 remain 8 wait 2 
At time 10 process 2 stopped arr 4 total 10 remain 6 wait 2 
At time 10 process 3 started arr 8 total 7 remain 7 wait 2 
At time 12 process 3 stopped arr 8 total 7 remain 5 wait 2 
At time 12 process 3 continued arr 8 total 7 remain 5 wait 2 
At time 14 process 3 stopped arr 8 total 7 remain 3 wait 2 
At time 14 process 3 continued arr 8 total 7 remain 3 wait 2 
At time 16 process 3 stopped arr 8 total 7 remain 1 wait 2 
At time 16 process 3 continued arr 8 total 7 remain 1 wait 2 
At time 17 process 3 finished arr 8 total 7 remain 0 wait 2 TA 9 WTA 1.29
At time 17 process 2 continued arr 4 total 10 remain 6 wait 9 
At time 19 process 2 stopped arr 4 total 10 remain 4 wait 9 
At time 19 process 4 started arr 15 total 2 remain 2 wait 4 
At time 21 process 4 finished arr 15 total 2 remain 0 wait 4 TA 6 WTA 3.00
At time 21 process 2 continued arr 4 total 10 remain 4 wait 11 
At time 23 process 2 stopped arr 4 total 10 remain 2 wait 11 
At time 23 process 2 continued arr 4 total 10 remain 2 wait 11 
At time 25 process 2 finished arr 4 total 10 remain 0 wait 11 TA 21 WTA 2.10
At time 25 process 1 continued arr 2 total 5 remain 1 wait 19 
At time 26 process 1 finished arr 2 total 5 remain 0 wait 19 TA 24 WTA 4.80
